Determining if the Q_WS_WIN exist failed with the following output:
Change Dir: /home/leo/Desktop/RIBRAS/build/CMakeFiles/CMakeTmp

Run Build Command:"/usr/bin/make" "cmTC_e8c0b/fast"
/usr/bin/make -f CMakeFiles/cmTC_e8c0b.dir/build.make CMakeFiles/cmTC_e8c0b.dir/build
make[1]: Entering directory '/home/leo/Desktop/RIBRAS/build/CMakeFiles/CMakeTmp'
Building CXX object CMakeFiles/cmTC_e8c0b.dir/CheckSymbolExists.cxx.o
/usr/bin/c++   -I/usr/include/qt4  -std=c++11 -O3 -Wall -Wextra    -o CMakeFiles/cmTC_e8c0b.dir/CheckSymbolExists.cxx.o -c /home/leo/Desktop/RIBRAS/build/CMakeFiles/CMakeTmp/CheckSymbolExists.cxx
/home/leo/Desktop/RIBRAS/build/CMakeFiles/CMakeTmp/CheckSymbolExists.cxx: In function ‘int main(int, char**)’:
/home/leo/Desktop/RIBRAS/build/CMakeFiles/CMakeTmp/CheckSymbolExists.cxx:8:19: error: ‘Q_WS_WIN’ was not declared in this scope
    8 |   return ((int*)(&Q_WS_WIN))[argc];
      |                   ^~~~~~~~
make[1]: *** [CMakeFiles/cmTC_e8c0b.dir/build.make:66: CMakeFiles/cmTC_e8c0b.dir/CheckSymbolExists.cxx.o] Error 1
make[1]: Leaving directory '/home/leo/Desktop/RIBRAS/build/CMakeFiles/CMakeTmp'
make: *** [Makefile:121: cmTC_e8c0b/fast] Error 2

File /home/leo/Desktop/RIBRAS/build/CMakeFiles/CMakeTmp/CheckSymbolExists.cxx:
/* */
#include <QtCore/qglobal.h>

int main(int argc, char** argv)
{
  (void)argv;
#ifndef Q_WS_WIN
  return ((int*)(&Q_WS_WIN))[argc];
#else
  (void)argc;
  return 0;
#endif
}

Determining if the Q_WS_QWS exist failed with the following output:
Change Dir: /home/leo/Desktop/RIBRAS/build/CMakeFiles/CMakeTmp

Run Build Command:"/usr/bin/make" "cmTC_842c7/fast"
/usr/bin/make -f CMakeFiles/cmTC_842c7.dir/build.make CMakeFiles/cmTC_842c7.dir/build
make[1]: Entering directory '/home/leo/Desktop/RIBRAS/build/CMakeFiles/CMakeTmp'
Building CXX object CMakeFiles/cmTC_842c7.dir/CheckSymbolExists.cxx.o
/usr/bin/c++   -I/usr/include/qt4  -std=c++11 -O3 -Wall -Wextra    -o CMakeFiles/cmTC_842c7.dir/CheckSymbolExists.cxx.o -c /home/leo/Desktop/RIBRAS/build/CMakeFiles/CMakeTmp/CheckSymbolExists.cxx
/home/leo/Desktop/RIBRAS/build/CMakeFiles/CMakeTmp/CheckSymbolExists.cxx: In function ‘int main(int, char**)’:
/home/leo/Desktop/RIBRAS/build/CMakeFiles/CMakeTmp/CheckSymbolExists.cxx:8:19: error: ‘Q_WS_QWS’ was not declared in this scope
    8 |   return ((int*)(&Q_WS_QWS))[argc];
      |                   ^~~~~~~~
make[1]: *** [CMakeFiles/cmTC_842c7.dir/build.make:66: CMakeFiles/cmTC_842c7.dir/CheckSymbolExists.cxx.o] Error 1
make[1]: Leaving directory '/home/leo/Desktop/RIBRAS/build/CMakeFiles/CMakeTmp'
make: *** [Makefile:121: cmTC_842c7/fast] Error 2

File /home/leo/Desktop/RIBRAS/build/CMakeFiles/CMakeTmp/CheckSymbolExists.cxx:
/* */
#include <QtCore/qglobal.h>

int main(int argc, char** argv)
{
  (void)argv;
#ifndef Q_WS_QWS
  return ((int*)(&Q_WS_QWS))[argc];
#else
  (void)argc;
  return 0;
#endif
}

Determining if the Q_WS_MAC exist failed with the following output:
Change Dir: /home/leo/Desktop/RIBRAS/build/CMakeFiles/CMakeTmp

Run Build Command:"/usr/bin/make" "cmTC_fb58b/fast"
/usr/bin/make -f CMakeFiles/cmTC_fb58b.dir/build.make CMakeFiles/cmTC_fb58b.dir/build
make[1]: Entering directory '/home/leo/Desktop/RIBRAS/build/CMakeFiles/CMakeTmp'
Building CXX object CMakeFiles/cmTC_fb58b.dir/CheckSymbolExists.cxx.o
/usr/bin/c++   -I/usr/include/qt4  -std=c++11 -O3 -Wall -Wextra    -o CMakeFiles/cmTC_fb58b.dir/CheckSymbolExists.cxx.o -c /home/leo/Desktop/RIBRAS/build/CMakeFiles/CMakeTmp/CheckSymbolExists.cxx
/home/leo/Desktop/RIBRAS/build/CMakeFiles/CMakeTmp/CheckSymbolExists.cxx: In function ‘int main(int, char**)’:
/home/leo/Desktop/RIBRAS/build/CMakeFiles/CMakeTmp/CheckSymbolExists.cxx:8:19: error: ‘Q_WS_MAC’ was not declared in this scope
    8 |   return ((int*)(&Q_WS_MAC))[argc];
      |                   ^~~~~~~~
make[1]: *** [CMakeFiles/cmTC_fb58b.dir/build.make:66: CMakeFiles/cmTC_fb58b.dir/CheckSymbolExists.cxx.o] Error 1
make[1]: Leaving directory '/home/leo/Desktop/RIBRAS/build/CMakeFiles/CMakeTmp'
make: *** [Makefile:121: cmTC_fb58b/fast] Error 2

File /home/leo/Desktop/RIBRAS/build/CMakeFiles/CMakeTmp/CheckSymbolExists.cxx:
/* */
#include <QtCore/qglobal.h>

int main(int argc, char** argv)
{
  (void)argv;
#ifndef Q_WS_MAC
  return ((int*)(&Q_WS_MAC))[argc];
#else
  (void)argc;
  return 0;
#endif
}

